This is pdfTeX, Version 3.141592653-2.6-1.40.26 (TeX Live 2024) (preloaded format=pdflatex 2024.6.8)  7 FEB 2026 12:31
entering extended mode
 restricted \write18 enabled.
 file:line:error style messages enabled.
 %&-line parsing enabled.
**"/Users/pablo/Documents/Mathematics/Current Work/65ee057abd468e08845c1349/action/action.tex"
(/Users/pablo/Documents/Mathematics/Current Work/65ee057abd468e08845c1349/action/action.tex
LaTeX2e <2024-06-01>
L3 programming layer <2024-05-27>
(/usr/local/texlive/2024/texmf-dist/tex/latex/base/article.cls
Document Class: article 2024/02/08 v1.4n Standard LaTeX document class
(/usr/local/texlive/2024/texmf-dist/tex/latex/base/size10.clo
File: size10.clo 2024/02/08 v1.4n Standard LaTeX file (size option)
)
\c@part=\count194
\c@section=\count195
\c@subsection=\count196
\c@subsubsection=\count197
\c@paragraph=\count198
\c@subparagraph=\count199
\c@figure=\count266
\c@table=\count267
\abovecaptionskip=\skip49
\belowcaptionskip=\skip50
\bibindent=\dimen141
)

! LaTeX Error: File `mypreamble/b-preamble.tex' not found.

Type X to quit or <RETURN> to proceed,
or enter new name. (Default extension: tex)

Enter file name: 
/Users/pablo/Documents/Mathematics/Current Work/65ee057abd468e08845c1349/action/action.tex:2: Emergency stop.
<read *> 
         
l.2 \input{mypreamble/b-preamble}
                                 ^^M
*** (cannot \read from terminal in nonstop modes)

 
Here is how much of TeX's memory you used:
 226 strings out of 473600
 3036 string characters out of 5728703
 1925891 words of memory out of 5000000
 23193 multiletter control sequences out of 15000+600000
 558069 words of font info for 36 fonts, out of 8000000 for 9000
 1141 hyphenation exceptions out of 8191
 35i,0n,38p,236b,36s stack positions out of 10000i,1000n,20000p,200000b,200000s
/Users/pablo/Documents/Mathematics/Current Work/65ee057abd468e08845c1349/action/action.tex:2:  ==> Fatal error occurred, no output PDF file produced!
