\BOOKMARK [1][]{section.1}{1\040Syllabus}{}% 1
\BOOKMARK [1][]{section.2}{2\040Smoothly\040Parametrized\040Spaces}{}% 2
\BOOKMARK [2][]{subsection.2.1}{2.1\040Definitions}{section.2}% 3
\BOOKMARK [2][]{subsection.2.2}{2.2\040Concordances}{section.2}% 4
\BOOKMARK [2][]{subsection.2.3}{2.3\040Classifying\040Spaces}{section.2}% 5
\BOOKMARK [1][]{section.3}{3\040Microflexible\040h-Principle}{}% 6
\BOOKMARK [2][]{subsection.3.1}{3.1\040Honmotopy\040Sheaf\040Formulation}{section.3}% 7
\BOOKMARK [2][]{subsection.3.2}{3.2\040Scanning\040Map\040Formulation}{section.3}% 8
\BOOKMARK [2][]{subsection.3.3}{3.3\040Application\040of\040the\040h-Principle}{section.3}% 9
\BOOKMARK [3][]{subsubsection.3.3.1}{3.3.1\040Submanifolds}{subsection.3.3}% 10
\BOOKMARK [3][]{subsubsection.3.3.2}{3.3.2\040Submersions}{subsection.3.3}% 11
\BOOKMARK [2][]{subsection.3.4}{3.4\040Proof\040of\040the\040h-Principle}{section.3}% 12
\BOOKMARK [1][]{section.4}{4\040Categories\040and\040Classifying\040Spaces}{}% 13
\BOOKMARK [2][]{subsection.4.1}{4.1\040First\040Map:\040-1MT\(d\)\040|D|}{section.4}% 14
\BOOKMARK [2][]{subsection.4.2}{4.2\040Second\040Map:\040|D|\040B|D|}{section.4}% 15
\BOOKMARK [2][]{subsection.4.3}{4.3\040Third\040Map:\040B|D|\040B|C|}{section.4}% 16
\BOOKMARK [2][]{subsection.4.4}{4.4\040Fourth\040Map:\040B|C|\040B|C|}{section.4}% 17
\BOOKMARK [1][]{section.5}{5\040The\040\(,\040n\)-Category\040of\040Cobordisms}{}% 18
\BOOKMARK [2][]{subsection.5.1}{5.1\040Definitions\040and\040the\040n-fold\040Segal\040Space}{section.5}% 19
\BOOKMARK [2][]{subsection.5.2}{5.2\040The\040Strategy\040of\040Removing\040Cuts}{section.5}% 20
\BOOKMARK [2][]{subsection.5.3}{5.3\040Intermediate\040Categories\040and\040Transversality}{section.5}% 21
\BOOKMARK [2][]{subsection.5.4}{5.4\040Equivalence\040of\040Realizations:\040Executing\040the\040Removal\040of\040Cuts}{section.5}% 22
\BOOKMARK [3][]{subsubsection.5.4.1}{5.4.1\040Straightening\040Transversality\040to\040Cylindricality}{subsection.5.4}% 23
\BOOKMARK [3][]{subsubsection.5.4.2}{5.4.2\040Gluing\040the\040Cobordisms}{subsection.5.4}% 24
\BOOKMARK [2][]{subsection.5.5}{5.5\040Final\040Reduction\040via\040the\040Microflexible\040h-Principle}{section.5}% 25
